<?xml version="1.0" encoding="UTF-8"?>
<!-- Generated by org.testng.reporters.JUnitXMLReporter -->
<testsuite ignored="0" hostname="Sayan" failures="1" tests="1" name="Reggression Validate tittle Test" time="0.007" errors="0" timestamp="2022-07-04T20:35:23 IST">
  <testcase classname="Reggression.TestCase2" name="validateTitles" time="0.002">
    <failure type="java.lang.AssertionError" message="The following asserts failed:
	expected [Gmail.com] but found [Yahoo.com],
	Image validation failed expected [true] but found [false],
	TextBox Validation failed expected [false] but found [true]">
      <![CDATA[java.lang.AssertionError: The following asserts failed:
expected [Gmail.com] but found [Yahoo.com],
Image validation failed expected [true] but found [false],
TextBox Validation failed expected [false] but found [true]
at Reggression.TestCase2.validateTitles(TestCase2.java:37)
at java.base/java.util.ArrayList.forEach(ArrayList.java:1511)
... Removed 30 stack frames]]>
    </failure>
  </testcase> <!-- validateTitles -->
</testsuite> <!-- Reggression Validate tittle Test -->
